#
# There is insufficient memory for the Java Runtime Environment to continue.
# Native memory allocation (mmap) failed to map 65011712 bytes for G1 virtual space
# Possible reasons:
#   The system is out of physical RAM or swap space
#   The process is running with CompressedOops enabled, and the Java Heap may be blocking the growth of the native heap
# Possible solutions:
#   Reduce memory load on the system
#   Increase physical memory or swap space
#   Check if swap backing store is full
#   Decrease Java heap size (-Xmx/-Xms)
#   Decrease number of Java threads
#   Decrease Java thread stack sizes (-Xss)
#   Set larger code cache with -XX:ReservedCodeCacheSize=
#   JVM is running with Unscaled Compressed Oops mode in which the Java heap is
#     placed in the first 4GB address space. The Java Heap base address is the
#     maximum limit for the native heap growth. Please use -XX:HeapBaseMinAddress
#     to set the Java Heap base and to place the Java Heap above 4GB virtual address.
# This output file may be truncated or incomplete.
#
#  Out of Memory Error (os_windows.cpp:3825), pid=1860, tid=1644
#
# JRE version:  (17.0.10+1) (build )
# Java VM: OpenJDK 64-Bit Server VM (17.0.10+1-b1087.17, mixed mode, sharing, tiered, compressed oops, compressed class ptrs, g1 gc, windows-amd64)
# No core dump will be written. Minidumps are not enabled by default on client versions of Windows
#

---------------  S U M M A R Y ------------

Command Line: git4idea.http.GitAskPassApp Username for 'https://github.com': 

Host: Intel(R) Core(TM) i5-3210M CPU @ 2.50GHz, 4 cores, 3G,  Windows 10 , 64 bit Build 19041 (10.0.19041.3636)
Time: Tue May 28 02:02:50 2024  Windows 10 , 64 bit Build 19041 (10.0.19041.3636) elapsed time: 0.017379 seconds (0d 0h 0m 0s)

---------------  T H R E A D  ---------------

Current thread (0x000001c8ef7034d0):  JavaThread "Unknown thread" [_thread_in_vm, id=1644, stack(0x0000001d8b300000,0x0000001d8b400000)]

Stack: [0x0000001d8b300000,0x0000001d8b400000]
Native frames: (J=compiled Java code, j=interpreted, Vv=VM code, C=native code)
V  [jvm.dll+0x688ac9]
V  [jvm.dll+0x84220a]
V  [jvm.dll+0x843e4e]
V  [jvm.dll+0x8444b3]
V  [jvm.dll+0x24ba8f]
V  [jvm.dll+0x685899]
V  [jvm.dll+0x67a14a]
V  [jvm.dll+0x30c7eb]
V  [jvm.dll+0x313c96]
V  [jvm.dll+0x363a2e]
V  [jvm.dll+0x363c5f]
V  [jvm.dll+0x2e25b8]
V  [jvm.dll+0x2e3524]
V  [jvm.dll+0x812d71]
V  [jvm.dll+0x3718e1]
V  [jvm.dll+0x7f18d6]
V  [jvm.dll+0x3f553f]
V  [jvm.dll+0x3f7171]
C  [jli.dll+0x528f]
C  [ucrtbase.dll+0x21bb2]
C  [KERNEL32.DLL+0x17344]
C  [ntdll.dll+0x526b1]


---------------  P R O C E S S  ---------------

Threads class SMR info:
_java_thread_list=0x00007ffe494def58, length=0, elements={
}

Java Threads: ( => current thread )

Other Threads:
  0x000001c8ef739d60 GCTaskThread "GC Thread#0" [stack: 0x0000001d8b400000,0x0000001d8b500000] [id=6532]
  0x000001c8ef742600 ConcurrentGCThread "G1 Main Marker" [stack: 0x0000001d8b500000,0x0000001d8b600000] [id=2500]
  0x000001c8ef7446e0 ConcurrentGCThread "G1 Conc#0" [stack: 0x0000001d8b600000,0x0000001d8b700000] [id=2188]

[error occurred during error reporting (printing all threads), id 0xc0000005, EXCEPTION_ACCESS_VIOLATION (0xc0000005) at pc=0x00007ffe48c93187]

VM state: not at safepoint (not fully initialized)

VM Mutex/Monitor currently owned by a thread:  ([mutex/lock_event])
[0x000001c8ef6fefb0] Heap_lock - owner thread: 0x000001c8ef7034d0

Heap address: 0x00000000c2e00000, size: 978 MB, Compressed Oops mode: 32-bit

CDS archive(s) mapped at: [0x0000000000000000-0x0000000000000000-0x0000000000000000), size 0, SharedBaseAddress: 0x0000000800000000, ArchiveRelocationMode: 1.
Narrow klass base: 0x0000000000000000, Narrow klass shift: 0, Narrow klass range: 0x0

GC Precious Log:
<Empty>

Heap:
 garbage-first heap   total 0K, used 0K [0x00000000c2e00000, 0x0000000100000000)
  region size 1024K, 0 young (0K), 0 survivors (0K)
 Metaspace       used 0K, committed 0K, reserved 0K
  class space    used 0K, committed 0K, reserved 0K

Heap Regions: E=young(eden), S=young(survivor), O=old, HS=humongous(starts), HC=humongous(continues), CS=collection set, F=free, OA=open archive, CA=closed archive, TAMS=top-at-mark-start (previous, next)

Card table byte_map: [0x000001c8f3070000,0x000001c8f3260000] _byte_map_base: 0x000001c8f2a59000

Marking Bits (Prev, Next): (CMBitMap*) 0x000001c8ef73a290, (CMBitMap*) 0x000001c8ef73a2d0
 Prev Bits: [0x000001c8f3450000, 0x000001c8f4398000)
 Next Bits: [0x000001c8f43a0000, 0x000001c8f52e8000)

GC Heap History (0 events):
No events

Dll operation events (1 events):
Event: 0.009 Loaded shared library D:\Java School\IntelliJ IDEA\IntelliJ IDEA Community Edition 2023.3.4\jbr\bin\java.dll

Deoptimization events (0 events):
No events

Classes unloaded (0 events):
No events

Classes redefined (0 events):
No events

Internal exceptions (0 events):
No events

VM Operations (0 events):
No events

Events (0 events):
No events


Dynamic libraries:
0x00007ff6a7120000 - 0x00007ff6a712a000 	D:\Java School\IntelliJ IDEA\IntelliJ IDEA Community Edition 2023.3.4\jbr\bin\java.exe
0x00007ffe9fbb0000 - 0x00007ffe9fda8000 	C:\WINDOWS\SYSTEM32\ntdll.dll
0x00007ffe9f520000 - 0x00007ffe9f5dd000 	C:\WINDOWS\System32\KERNEL32.DLL
0x00007ffe9d580000 - 0x00007ffe9d876000 	C:\WINDOWS\System32\KERNELBASE.dll
0x00007ffe9d980000 - 0x00007ffe9da80000 	C:\WINDOWS\System32\ucrtbase.dll
0x00007ffe93ff0000 - 0x00007ffe9400b000 	D:\Java School\IntelliJ IDEA\IntelliJ IDEA Community Edition 2023.3.4\jbr\bin\VCRUNTIME140.dll
0x00007ffe960f0000 - 0x00007ffe96107000 	D:\Java School\IntelliJ IDEA\IntelliJ IDEA Community Edition 2023.3.4\jbr\bin\jli.dll
0x00007ffe89f60000 - 0x00007ffe8a1fa000 	C:\WINDOWS\WinSxS\amd64_microsoft.windows.common-controls_6595b64144ccf1df_6.0.19041.4355_none_60b8b9eb71f62e16\COMCTL32.dll
0x00007ffe9e530000 - 0x00007ffe9e5ce000 	C:\WINDOWS\System32\msvcrt.dll
0x00007ffe9f100000 - 0x00007ffe9f29f000 	C:\WINDOWS\System32\USER32.dll
0x00007ffe9e630000 - 0x00007ffe9e65b000 	C:\WINDOWS\System32\GDI32.dll
0x00007ffe9d260000 - 0x00007ffe9d282000 	C:\WINDOWS\System32\win32u.dll
0x00007ffe9d3b0000 - 0x00007ffe9d4c7000 	C:\WINDOWS\System32\gdi32full.dll
0x00007ffe9d290000 - 0x00007ffe9d32d000 	C:\WINDOWS\System32\msvcp_win.dll
0x00007ffe9e660000 - 0x00007ffe9e692000 	C:\WINDOWS\System32\IMM32.DLL
0x00007ffe94620000 - 0x00007ffe9462c000 	D:\Java School\IntelliJ IDEA\IntelliJ IDEA Community Edition 2023.3.4\jbr\bin\vcruntime140_1.dll
0x00007ffe847b0000 - 0x00007ffe8483d000 	D:\Java School\IntelliJ IDEA\IntelliJ IDEA Community Edition 2023.3.4\jbr\bin\msvcp140.dll
0x00007ffe489a0000 - 0x00007ffe49623000 	D:\Java School\IntelliJ IDEA\IntelliJ IDEA Community Edition 2023.3.4\jbr\bin\server\jvm.dll
0x00007ffe9dbe0000 - 0x00007ffe9dc90000 	C:\WINDOWS\System32\ADVAPI32.dll
0x00007ffe9f420000 - 0x00007ffe9f4c0000 	C:\WINDOWS\System32\sechost.dll
0x00007ffe9dc90000 - 0x00007ffe9ddb3000 	C:\WINDOWS\System32\RPCRT4.dll
0x00007ffe9d380000 - 0x00007ffe9d3a7000 	C:\WINDOWS\System32\bcrypt.dll
0x00007ffe9d0b0000 - 0x00007ffe9d0fb000 	C:\WINDOWS\SYSTEM32\POWRPROF.dll
0x00007ffe8a610000 - 0x00007ffe8a637000 	C:\WINDOWS\SYSTEM32\WINMM.dll
0x00007ffe8ea40000 - 0x00007ffe8ea49000 	C:\WINDOWS\SYSTEM32\WSOCK32.dll
0x00007ffe9f8c0000 - 0x00007ffe9f92b000 	C:\WINDOWS\System32\WS2_32.dll
0x00007ffe937e0000 - 0x00007ffe937ea000 	C:\WINDOWS\SYSTEM32\VERSION.dll
0x00007ffe9d090000 - 0x00007ffe9d0a2000 	C:\WINDOWS\SYSTEM32\UMPDC.dll
0x00007ffe9b0e0000 - 0x00007ffe9b0f2000 	C:\WINDOWS\SYSTEM32\kernel.appcore.dll
0x00007ffe9a8c0000 - 0x00007ffe9a8ca000 	D:\Java School\IntelliJ IDEA\IntelliJ IDEA Community Edition 2023.3.4\jbr\bin\jimage.dll
0x00007ffe96920000 - 0x00007ffe96b04000 	C:\WINDOWS\SYSTEM32\DBGHELP.DLL
0x00007ffe96690000 - 0x00007ffe966c4000 	C:\WINDOWS\SYSTEM32\dbgcore.DLL
0x00007ffe9d880000 - 0x00007ffe9d902000 	C:\WINDOWS\System32\bcryptPrimitives.dll
0x00007ffe97600000 - 0x00007ffe97625000 	D:\Java School\IntelliJ IDEA\IntelliJ IDEA Community Edition 2023.3.4\jbr\bin\java.dll

dbghelp: loaded successfully - version: 4.0.5 - missing functions: none
symbol engine: initialized successfully - sym options: 0x614 - pdb path: .;D:\Java School\IntelliJ IDEA\IntelliJ IDEA Community Edition 2023.3.4\jbr\bin;C:\WINDOWS\SYSTEM32;C:\WINDOWS\WinSxS\amd64_microsoft.windows.common-controls_6595b64144ccf1df_6.0.19041.4355_none_60b8b9eb71f62e16;D:\Java School\IntelliJ IDEA\IntelliJ IDEA Community Edition 2023.3.4\jbr\bin\server

VM Arguments:
java_command: git4idea.http.GitAskPassApp Username for 'https://github.com': 
java_class_path (initial): D:/Java School/IntelliJ IDEA/IntelliJ IDEA Community Edition 2023.3.4/plugins/vcs-git/lib/git4idea-rt.jar;D:/Java School/IntelliJ IDEA/IntelliJ IDEA Community Edition 2023.3.4/lib/externalProcess-rt.jar
Launcher Type: SUN_STANDARD

[Global flags]
     intx CICompilerCount                          = 3                                         {product} {ergonomic}
     uint ConcGCThreads                            = 1                                         {product} {ergonomic}
     uint G1ConcRefinementThreads                  = 4                                         {product} {ergonomic}
   size_t G1HeapRegionSize                         = 1048576                                   {product} {ergonomic}
    uintx GCDrainStackTargetSize                   = 64                                        {product} {ergonomic}
   size_t InitialHeapSize                          = 65011712                                  {product} {ergonomic}
   size_t MarkStackSize                            = 4194304                                   {product} {ergonomic}
   size_t MaxHeapSize                              = 1025507328                                {product} {ergonomic}
   size_t MinHeapDeltaBytes                        = 1048576                                   {product} {ergonomic}
   size_t MinHeapSize                              = 8388608                                   {product} {ergonomic}
    uintx NonNMethodCodeHeapSize                   = 5832780                                {pd product} {ergonomic}
    uintx NonProfiledCodeHeapSize                  = 122912730                              {pd product} {ergonomic}
    uintx ProfiledCodeHeapSize                     = 122912730                              {pd product} {ergonomic}
    uintx ReservedCodeCacheSize                    = 251658240                              {pd product} {ergonomic}
     bool SegmentedCodeCache                       = true                                      {product} {ergonomic}
   size_t SoftMaxHeapSize                          = 1025507328                             {manageable} {ergonomic}
     bool UseCompressedClassPointers               = true                           {product lp64_product} {ergonomic}
     bool UseCompressedOops                        = true                           {product lp64_product} {ergonomic}
     bool UseG1GC                                  = true                                      {product} {ergonomic}
     bool UseLargePagesIndividualAllocation        = false                                  {pd product} {ergonomic}

Logging:
Log output configuration:
 #0: stdout all=warning uptime,level,tags
 #1: stderr all=off uptime,level,tags

Environment Variables:
JAVA_HOME=C:\Users\vlado\.jdks\corretto-18.0.2
PATH=C:\Program Files\Git\mingw64\libexec\git-core;C:\Program Files\Git\mingw64\libexec\git-core;C:\Program Files\Git\mingw64\bin;C:\Program Files\Git\usr\bin;C:\Users\vlado\bin;C:\Users\vlado\.jdks\corretto-18.0.2\bin;D:\QA School\QA Hillel\apache-maven-3.9.6-bin\apache-maven-3.9.6\bin;D:\QA Soft\Python\Python3.10\Scripts;D:\QA Soft\Python\Python3.10;C:\WINDOWS\system32;C:\Users\vlado\AppData\Local\Microsoft\WindowsApps;C:\WINDOWS;C:\WINDOWS\System32\Wbem;C:\WINDOWS\System32\WindowsPowerShell\v1.0;C:\WINDOWS\System32\OpenSSH;C:\Program Files\nodejs;C:\Program Files\GitHub CLI;C:\Program Files (x86)\dotnet;C:\Program Files\Git\cmd;C:\Program Files\MySQL\MySQL Shell 8.0\bin;C:\Users\vlado\AppData\Local\Microsoft\WindowsApps;C:\Users\vlado\AppData\Local\Programs\Microsoft VS Code\bin;C:\Users\vlado\AppData\Roaming\npm;D:\QA Soft\Python\Pycharm\PyCharm Community Edition 2022.1.3\bin;D:\Java School\IntelliJ IDEA\IntelliJ IDEA Community Edition 2023.3.4\bin;D:\Java School\IntelliJ IDEA\IntelliJ IDEA 2022.3.2\bin
USERNAME=vlado
DISPLAY=:0.0
LC_ALL=en_US.UTF-8
TERM=xterm-256color
TMPDIR=C:\Users\vlado\AppData\Local\Temp
OS=Windows_NT
PROCESSOR_IDENTIFIER=Intel64 Family 6 Model 58 Stepping 9, GenuineIntel
TMP=C:\Users\vlado\AppData\Local\Temp
TEMP=C:\Users\vlado\AppData\Local\Temp



Periodic native trim disabled

JNI global refs:
JNI global refs: 0, weak refs: 0

JNI global refs memory usage: 0, weak refs: 0

OOME stack traces (most recent first):
Classloader memory used:


---------------  S Y S T E M  ---------------

OS:
 Windows 10 , 64 bit Build 19041 (10.0.19041.3636)
OS uptime: 5 days 13:13 hours

CPU: total 4 (initial active 4) (2 cores per cpu, 2 threads per core) family 6 model 58 stepping 9 microcode 0x21, cx8, cmov, fxsr, ht, mmx, sse, sse2, sse3, ssse3, sse4.1, sse4.2, popcnt, tsc, tscinvbit, avx, aes, erms, clmul, vzeroupper, clflush
Processor Information for all 4 processors :
  Max Mhz: 2501, Current Mhz: 2501, Mhz Limit: 2501

Memory: 4k page, system-wide physical 3911M (489M free)
TotalPageFile size 9959M (AvailPageFile size 35M)
current process WorkingSet (physical memory assigned to process): 10M, peak: 10M
current process commit charge ("private bytes"): 51M, peak: 113M

vm_info: OpenJDK 64-Bit Server VM (17.0.10+1-b1087.17) for windows-amd64 JRE (17.0.10+1-b1087.17), built on 2024-01-19 by "builduser" with MS VC++ 16.10 / 16.11 (VS2019)

END.
